[64975080f4f574123b9b5887--timely-entremet-767bc4.netlify.app/649580c2e15b4e1f42e55bba--bucolic-blini-c26de0.netlify.app/index.html]
[backblue.gif]
[fade.gif]
[index.html]
[64975080f4f574123b9b5887--timely-entremet-767bc4.netlify.app/649580c2e15b4e1f42e55bba--bucolic-blini-c26de0.netlify.app/indexc0d0c0d0.html]
[64975080f4f574123b9b5887--timely-entremet-767bc4.netlify.app/649580c2e15b4e1f42e55bba--bucolic-blini-c26de0.netlify.app/index7b177b17.html]
[64975080f4f574123b9b5887--timely-entremet-767bc4.netlify.app/649580c2e15b4e1f42e55bba--bucolic-blini-c26de0.netlify.app/templates/cassiopeia/favicon.ico]
[64975080f4f574123b9b5887--timely-entremet-767bc4.netlify.app/649580c2e15b4e1f42e55bba--bucolic-blini-c26de0.netlify.app/media/system/css/joomla-fontawesome.min9dcf9dcf.css]
[64975080f4f574123b9b5887--timely-entremet-767bc4.netlify.app/649580c2e15b4e1f42e55bba--bucolic-blini-c26de0.netlify.app/templates/cassiopeia/css/template.min9dcf9dcf.css]
[64975080f4f574123b9b5887--timely-entremet-767bc4.netlify.app/649580c2e15b4e1f42e55bba--bucolic-blini-c26de0.netlify.app/templates/cassiopeia/css/vendor/joomla-custom-elements/joomla-alert.min44b744b7.css]
[64975080f4f574123b9b5887--timely-entremet-767bc4.netlify.app/649580c2e15b4e1f42e55bba--bucolic-blini-c26de0.netlify.app/style.css]
[64975080f4f574123b9b5887--timely-entremet-767bc4.netlify.app/649580c2e15b4e1f42e55bba--bucolic-blini-c26de0.netlify.app/media/system/js/core.mindb7cdb7c.js]
[64975080f4f574123b9b5887--timely-entremet-767bc4.netlify.app/649580c2e15b4e1f42e55bba--bucolic-blini-c26de0.netlify.app/templates/cassiopeia/js/template.min9dcf9dcf.js]
[64975080f4f574123b9b5887--timely-entremet-767bc4.netlify.app/649580c2e15b4e1f42e55bba--bucolic-blini-c26de0.netlify.app/media/system/js/messages-es5.minc20ec20e.html]
[64975080f4f574123b9b5887--timely-entremet-767bc4.netlify.app/649580c2e15b4e1f42e55bba--bucolic-blini-c26de0.netlify.app/media/system/js/messages.minae9fae9f.js]
[64975080f4f574123b9b5887--timely-entremet-767bc4/649580c2e15b4e1f42e55bba--bucolic-blini-c26de0/media/smartslider3/src/SmartSlider3/Application/Frontend/Assets/dist/smartslider.minda7dda7d.css]
[64975080f4f574123b9b5887--timely-entremet-767bc4.netlify.app/649580c2e15b4e1f42e55bba--bucolic-blini-c26de0.netlify.app/media/smartslider3/src/SmartSlider3/Application/Frontend/Assets/dist/n2.minda7dda7d.js]
[64975080f4f574123b9b5887--timely-entremet-767bc4/649580c2e15b4e1f42e55bba--bucolic-blini-c26de0/media/smartslider3/src/SmartSlider3/Application/Frontend/Assets/dist/smartslider-frontend.minda7dda7d.js]
[64975080f4f574123b9b5887--timely-entremet-767bc4/649580c2e15b4e1f42e55bba--bucolic-blini-c26de0/media/smartslider3/src/SmartSlider3/Slider/SliderType/Block/Assets/dist/ss-block.minda7dda7d.js]
[64975080f4f574123b9b5887--timely-entremet-767bc4/649580c2e15b4e1f42e55bba--bucolic-blini-c26de0/media/smartslider3/src/SmartSlider3Pro/Application/Frontend/Assets/dist/particle.minda7dda7d.js]
[64975080f4f574123b9b5887--timely-entremet-767bc4.netlify.app/649580c2e15b4e1f42e55bba--bucolic-blini-c26de0.netlify.app/images/money.gif]
[64975080f4f574123b9b5887--timely-entremet-767bc4.netlify.app/649580c2e15b4e1f42e55bba--bucolic-blini-c26de0.netlify.app/images/logow.png]
[64975080f4f574123b9b5887--timely-entremet-767bc4.netlify.app/649580c2e15b4e1f42e55bba--bucolic-blini-c26de0.netlify.app/images/dex.png]
[64975080f4f574123b9b5887--timely-entremet-767bc4.netlify.app/649580c2e15b4e1f42e55bba--bucolic-blini-c26de0.netlify.app/images/scan-w.png]
[64975080f4f574123b9b5887--timely-entremet-767bc4.netlify.app/649580c2e15b4e1f42e55bba--bucolic-blini-c26de0.netlify.app/images/twi-w.png]
[64975080f4f574123b9b5887--timely-entremet-767bc4.netlify.app/649580c2e15b4e1f42e55bba--bucolic-blini-c26de0.netlify.app/images/telegram-icon-512x512-z8lb0qsx.png]
[64975080f4f574123b9b5887--timely-entremet-767bc4.netlify.app/649580c2e15b4e1f42e55bba--bucolic-blini-c26de0.netlify.app/images/cmcwhite.png]
[64975080f4f574123b9b5887--timely-entremet-767bc4.netlify.app/649580c2e15b4e1f42e55bba--bucolic-blini-c26de0.netlify.app/images/uni-w.png]
[64975080f4f574123b9b5887--timely-entremet-767bc4.netlify.app/649580c2e15b4e1f42e55bba--bucolic-blini-c26de0.netlify.app/images/head.png]
[64975080f4f574123b9b5887--timely-entremet-767bc4.netlify.app/649580c2e15b4e1f42e55bba--bucolic-blini-c26de0.netlify.app/images/money-wallpaper.jpg]
[64975080f4f574123b9b5887--timely-entremet-767bc4.netlify.app/649580c2e15b4e1f42e55bba--bucolic-blini-c26de0.netlify.app/images/gif-1--unscreen.gif]
[64975080f4f574123b9b5887--timely-entremet-767bc4.netlify.app/649580c2e15b4e1f42e55bba--bucolic-blini-c26de0.netlify.app/images/headbig.png]
[64975080f4f574123b9b5887--timely-entremet-767bc4.netlify.app/649580c2e15b4e1f42e55bba--bucolic-blini-c26de0.netlify.app/images/check.jpg]
[64975080f4f574123b9b5887--timely-entremet-767bc4.netlify.app/649580c2e15b4e1f42e55bba--bucolic-blini-c26de0.netlify.app/images/gif-unscreen.gif]
[64975080f4f574123b9b5887--timely-entremet-767bc4.netlify.app/649580c2e15b4e1f42e55bba--bucolic-blini-c26de0.netlify.app/images/roadd.mp4]
[64975080f4f574123b9b5887--timely-entremet-767bc4.netlify.app/649580c2e15b4e1f42e55bba--bucolic-blini-c26de0.netlify.app/images/4.html]
[64975080f4f574123b9b5887--timely-entremet-767bc4.netlify.app/649580c2e15b4e1f42e55bba--bucolic-blini-c26de0.netlify.app/images/aaaa.mp4]
[64975080f4f574123b9b5887--timely-entremet-767bc4.netlify.app/649580c2e15b4e1f42e55bba--bucolic-blini-c26de0.netlify.app/index.html]
[64975080f4f574123b9b5887--timely-entremet-767bc4.netlify.app/649580c2e15b4e1f42e55bba--bucolic-blini-c26de0.netlify.app/indexc0d0c0d0.html]
[64975080f4f574123b9b5887--timely-entremet-767bc4.netlify.app/649580c2e15b4e1f42e55bba--bucolic-blini-c26de0.netlify.app/index7b177b17.html]
[64975080f4f574123b9b5887--timely-entremet-767bc4.netlify.app/649580c2e15b4e1f42e55bba--bucolic-blini-c26de0.netlify.app/media/vendor/fontawesome-free/webfonts/fa-regular-400.html]
[64975080f4f574123b9b5887--timely-entremet-767bc4.netlify.app/649580c2e15b4e1f42e55bba--bucolic-blini-c26de0.netlify.app/media/vendor/fontawesome-free/webfonts/fa-regular-400d41dd41d.html]
[64975080f4f574123b9b5887--timely-entremet-767bc4.netlify.app/649580c2e15b4e1f42e55bba--bucolic-blini-c26de0.netlify.app/media/vendor/fontawesome-free/webfonts/fa-regular-401.html]
[64975080f4f574123b9b5887--timely-entremet-767bc4.netlify.app/649580c2e15b4e1f42e55bba--bucolic-blini-c26de0.netlify.app/media/vendor/fontawesome-free/webfonts/fa-regular-402.html]
[64975080f4f574123b9b5887--timely-entremet-767bc4.netlify.app/649580c2e15b4e1f42e55bba--bucolic-blini-c26de0.netlify.app/media/vendor/fontawesome-free/webfonts/fa-regular-403.html]
[64975080f4f574123b9b5887--timely-entremet-767bc4.netlify.app/649580c2e15b4e1f42e55bba--bucolic-blini-c26de0.netlify.app/media/vendor/fontawesome-free/webfonts/fa-regular-404.html]
[64975080f4f574123b9b5887--timely-entremet-767bc4.netlify.app/649580c2e15b4e1f42e55bba--bucolic-blini-c26de0.netlify.app/media/vendor/fontawesome-free/webfonts/fa-solid-900.html]
[64975080f4f574123b9b5887--timely-entremet-767bc4.netlify.app/649580c2e15b4e1f42e55bba--bucolic-blini-c26de0.netlify.app/media/vendor/fontawesome-free/webfonts/fa-solid-900d41dd41d.html]
[64975080f4f574123b9b5887--timely-entremet-767bc4.netlify.app/649580c2e15b4e1f42e55bba--bucolic-blini-c26de0.netlify.app/media/vendor/fontawesome-free/webfonts/fa-solid-901.html]
[64975080f4f574123b9b5887--timely-entremet-767bc4.netlify.app/649580c2e15b4e1f42e55bba--bucolic-blini-c26de0.netlify.app/media/vendor/fontawesome-free/webfonts/fa-solid-902.html]
[64975080f4f574123b9b5887--timely-entremet-767bc4.netlify.app/649580c2e15b4e1f42e55bba--bucolic-blini-c26de0.netlify.app/media/vendor/fontawesome-free/webfonts/fa-solid-903.html]
[64975080f4f574123b9b5887--timely-entremet-767bc4.netlify.app/649580c2e15b4e1f42e55bba--bucolic-blini-c26de0.netlify.app/media/vendor/fontawesome-free/webfonts/fa-solid-904.html]
[64975080f4f574123b9b5887--timely-entremet-767bc4.netlify.app/649580c2e15b4e1f42e55bba--bucolic-blini-c26de0.netlify.app/media/vendor/fontawesome-free/webfonts/fa-brands-400.html]
[64975080f4f574123b9b5887--timely-entremet-767bc4.netlify.app/649580c2e15b4e1f42e55bba--bucolic-blini-c26de0.netlify.app/media/vendor/fontawesome-free/webfonts/fa-brands-400d41dd41d.html]
[64975080f4f574123b9b5887--timely-entremet-767bc4.netlify.app/649580c2e15b4e1f42e55bba--bucolic-blini-c26de0.netlify.app/media/vendor/fontawesome-free/webfonts/fa-brands-401.html]
[64975080f4f574123b9b5887--timely-entremet-767bc4.netlify.app/649580c2e15b4e1f42e55bba--bucolic-blini-c26de0.netlify.app/media/vendor/fontawesome-free/webfonts/fa-brands-402.html]
[64975080f4f574123b9b5887--timely-entremet-767bc4.netlify.app/649580c2e15b4e1f42e55bba--bucolic-blini-c26de0.netlify.app/media/vendor/fontawesome-free/webfonts/fa-brands-403.html]
[64975080f4f574123b9b5887--timely-entremet-767bc4.netlify.app/649580c2e15b4e1f42e55bba--bucolic-blini-c26de0.netlify.app/media/system/css/joomla-fontawesome.min9dcf9dcf.css]
[64975080f4f574123b9b5887--timely-entremet-767bc4.netlify.app/649580c2e15b4e1f42e55bba--bucolic-blini-c26de0.netlify.app/templates/cassiopeia/css/global/colors_standard.min9dcf9dcf.css]
[64975080f4f574123b9b5887--timely-entremet-767bc4.netlify.app/649580c2e15b4e1f42e55bba--bucolic-blini-c26de0.netlify.app/media/vendor/fontawesome-free/webfonts/fa-brands-404.html]
[64975080f4f574123b9b5887--timely-entremet-767bc4.netlify.app/649580c2e15b4e1f42e55bba--bucolic-blini-c26de0.netlify.app/templates/cassiopeia/images/select-bg.html]
[64975080f4f574123b9b5887--timely-entremet-767bc4.netlify.app/649580c2e15b4e1f42e55bba--bucolic-blini-c26de0.netlify.app/templates/cassiopeia/css/template.min9dcf9dcf.css]
[64975080f4f574123b9b5887--timely-entremet-767bc4.netlify.app/649580c2e15b4e1f42e55bba--bucolic-blini-c26de0.netlify.app/templates/cassiopeia/images/select-bg-rtl.html]
[64975080f4f574123b9b5887--timely-entremet-767bc4.netlify.app/649580c2e15b4e1f42e55bba--bucolic-blini-c26de0.netlify.app/templates/cassiopeia/css/vendor/joomla-custom-elements/joomla-alert.min44b744b7.css]
[64975080f4f574123b9b5887--timely-entremet-767bc4.netlify.app/649580c2e15b4e1f42e55bba--bucolic-blini-c26de0.netlify.app/style.css]
[64975080f4f574123b9b5887--timely-entremet-767bc4.netlify.app/649580c2e15b4e1f42e55bba--bucolic-blini-c26de0.netlify.app/media/system/js/messages-es5.minc20ec20e.html]
[64975080f4f574123b9b5887--timely-entremet-767bc4/649580c2e15b4e1f42e55bba--bucolic-blini-c26de0/media/smartslider3/src/SmartSlider3/Application/Frontend/Assets/dist/smartslider.minda7dda7d.css]
[64975080f4f574123b9b5887--timely-entremet-767bc4.netlify.app/649580c2e15b4e1f42e55bba--bucolic-blini-c26de0.netlify.app/images/4.html]
[64975080f4f574123b9b5887--timely-entremet-767bc4.netlify.app/649580c2e15b4e1f42e55bba--bucolic-blini-c26de0.netlify.app/media/vendor/fontawesome-free/webfonts/fa-regular-400.html]
[64975080f4f574123b9b5887--timely-entremet-767bc4.netlify.app/649580c2e15b4e1f42e55bba--bucolic-blini-c26de0.netlify.app/media/vendor/fontawesome-free/webfonts/fa-regular-400d41dd41d.html]
[64975080f4f574123b9b5887--timely-entremet-767bc4.netlify.app/649580c2e15b4e1f42e55bba--bucolic-blini-c26de0.netlify.app/media/vendor/fontawesome-free/webfonts/fa-regular-401.html]
[64975080f4f574123b9b5887--timely-entremet-767bc4.netlify.app/649580c2e15b4e1f42e55bba--bucolic-blini-c26de0.netlify.app/media/vendor/fontawesome-free/webfonts/fa-regular-402.html]
[64975080f4f574123b9b5887--timely-entremet-767bc4.netlify.app/649580c2e15b4e1f42e55bba--bucolic-blini-c26de0.netlify.app/media/vendor/fontawesome-free/webfonts/fa-regular-403.html]
[64975080f4f574123b9b5887--timely-entremet-767bc4.netlify.app/649580c2e15b4e1f42e55bba--bucolic-blini-c26de0.netlify.app/media/vendor/fontawesome-free/webfonts/fa-regular-404.html]
[64975080f4f574123b9b5887--timely-entremet-767bc4.netlify.app/649580c2e15b4e1f42e55bba--bucolic-blini-c26de0.netlify.app/media/vendor/fontawesome-free/webfonts/fa-solid-900.html]
[64975080f4f574123b9b5887--timely-entremet-767bc4.netlify.app/649580c2e15b4e1f42e55bba--bucolic-blini-c26de0.netlify.app/media/vendor/fontawesome-free/webfonts/fa-solid-900d41dd41d.html]
[64975080f4f574123b9b5887--timely-entremet-767bc4.netlify.app/649580c2e15b4e1f42e55bba--bucolic-blini-c26de0.netlify.app/media/vendor/fontawesome-free/webfonts/fa-solid-901.html]
[64975080f4f574123b9b5887--timely-entremet-767bc4.netlify.app/649580c2e15b4e1f42e55bba--bucolic-blini-c26de0.netlify.app/media/vendor/fontawesome-free/webfonts/fa-solid-902.html]
[64975080f4f574123b9b5887--timely-entremet-767bc4.netlify.app/649580c2e15b4e1f42e55bba--bucolic-blini-c26de0.netlify.app/media/vendor/fontawesome-free/webfonts/fa-solid-903.html]
[64975080f4f574123b9b5887--timely-entremet-767bc4.netlify.app/649580c2e15b4e1f42e55bba--bucolic-blini-c26de0.netlify.app/media/vendor/fontawesome-free/webfonts/fa-solid-904.html]
[64975080f4f574123b9b5887--timely-entremet-767bc4.netlify.app/649580c2e15b4e1f42e55bba--bucolic-blini-c26de0.netlify.app/media/vendor/fontawesome-free/webfonts/fa-brands-400.html]
[64975080f4f574123b9b5887--timely-entremet-767bc4.netlify.app/649580c2e15b4e1f42e55bba--bucolic-blini-c26de0.netlify.app/media/vendor/fontawesome-free/webfonts/fa-brands-400d41dd41d.html]
[64975080f4f574123b9b5887--timely-entremet-767bc4.netlify.app/649580c2e15b4e1f42e55bba--bucolic-blini-c26de0.netlify.app/media/vendor/fontawesome-free/webfonts/fa-brands-401.html]
[64975080f4f574123b9b5887--timely-entremet-767bc4.netlify.app/649580c2e15b4e1f42e55bba--bucolic-blini-c26de0.netlify.app/media/vendor/fontawesome-free/webfonts/fa-brands-402.html]
[64975080f4f574123b9b5887--timely-entremet-767bc4.netlify.app/649580c2e15b4e1f42e55bba--bucolic-blini-c26de0.netlify.app/media/vendor/fontawesome-free/webfonts/fa-brands-403.html]
[64975080f4f574123b9b5887--timely-entremet-767bc4.netlify.app/649580c2e15b4e1f42e55bba--bucolic-blini-c26de0.netlify.app/media/vendor/fontawesome-free/webfonts/fa-brands-404.html]
[64975080f4f574123b9b5887--timely-entremet-767bc4.netlify.app/649580c2e15b4e1f42e55bba--bucolic-blini-c26de0.netlify.app/templates/cassiopeia/images/select-bg.html]
[64975080f4f574123b9b5887--timely-entremet-767bc4.netlify.app/649580c2e15b4e1f42e55bba--bucolic-blini-c26de0.netlify.app/templates/cassiopeia/images/select-bg-rtl.html]
[64975080f4f574123b9b5887--timely-entremet-767bc4.netlify.app/649580c2e15b4e1f42e55bba--bucolic-blini-c26de0.netlify.app/media/vendor/joomla-custom-elements/css/joomla-alert.css]
[64975080f4f574123b9b5887--timely-entremet-767bc4.netlify.app/649580c2e15b4e1f42e55bba--bucolic-blini-c26de0.netlify.app/media/vendor/joomla-custom-elements/css/joomla-alert.css]
